Using pre-set license
Built from '2020.3/staging' branch; Version is '2020.3.4f1 (0abb6314276a) revision 703331'; Using compiler version '192528614'; Build Type 'Release'
OS: 'Windows 10 Education; OS build 19041.630; Version 2004; 64bit' Language: 'en' Physical Memory: 32563 MB
BatchMode: 1, IsHumanControllingUs: 0, StartBugReporterOnCrash: 0, Is64bit: 1, IsPro: 0

 COMMAND LINE ARGUMENTS:
C:\Program Files\Unity\Hub\Editor\2020.3.4f1\Editor\Unity.exe
-adb2
-batchMode
-noUpm
-name
AssetImportWorker0
-projectPath
D:/GitHub-D/roll-a-ball
-logFile
Logs/AssetImportWorker0.log
-srvPort
56459
Successfully changed project path to: D:/GitHub-D/roll-a-ball
D:/GitHub-D/roll-a-ball
Using Asset Import Pipeline V2.
Refreshing native plugins compatible for Editor in 51.83 ms, found 0 plugins.
Preloading 0 native plugins for Editor in 0.00 ms.
Initialize engine version: 2020.3.4f1 (0abb6314276a)
[Subsystems] Discovering subsystems at path C:/Program Files/Unity/Hub/Editor/2020.3.4f1/Editor/Data/Resources/UnitySubsystems
[Subsystems] Discovering subsystems at path D:/GitHub-D/roll-a-ball/Assets
GfxDevice: creating device client; threaded=0
Direct3D:
    Version:  Direct3D 11.0 [level 11.1]
    Renderer: NVIDIA GeForce RTX 2060 (ID=0x1f11)
    Vendor:   
    VRAM:     5980 MB
    Driver:   27.21.14.6618
Initialize mono
Mono path[0] = 'C:/Program Files/Unity/Hub/Editor/2020.3.4f1/Editor/Data/Managed'
Mono path[1] = 'C:/Program Files/Unity/Hub/Editor/2020.3.4f1/Editor/Data/MonoBleedingEdge/lib/mono/unityjit'
Mono config path = 'C:/Program Files/Unity/Hub/Editor/2020.3.4f1/Editor/Data/MonoBleedingEdge/etc'
Using monoOptions --debugger-agent=transport=dt_socket,embedding=1,server=y,suspend=n,address=127.0.0.1:56884
Begin MonoManager ReloadAssembly
Registering precompiled unity dll's ...
Register platform support module: C:/Program Files/Unity/Hub/Editor/2020.3.4f1/Editor/Data/PlaybackEngines/WebGLSupport/UnityEditor.WebGL.Extensions.dll
Register platform support module: C:/Program Files/Unity/Hub/Editor/2020.3.4f1/Editor/Data/PlaybackEngines/WindowsStandaloneSupport/UnityEditor.WindowsStandalone.Extensions.dll
Registered in 0.003304 seconds.
Native extension for WindowsStandalone target not found
Native extension for WebGL target not found
Refreshing native plugins compatible for Editor in 46.85 ms, found 0 plugins.
Preloading 0 native plugins for Editor in 0.00 ms.
Mono: successfully reloaded assembly
- Completed reload, in  1.217 seconds
Platform modules already initialized, skipping
Registering precompiled user dll's ...
Registered in 0.002989 seconds.
Begin MonoManager ReloadAssembly
Native extension for WindowsStandalone target not found
Native extension for WebGL target not found
Refreshing native plugins compatible for Editor in 39.44 ms, found 0 plugins.
Preloading 0 native plugins for Editor in 0.00 ms.
Mono: successfully reloaded assembly
- Completed reload, in  1.061 seconds
Platform modules already initialized, skipping
========================================================================
Worker process is ready to serve import requests
Launched and connected shader compiler UnityShaderCompiler.exe after 0.06 seconds
Refreshing native plugins compatible for Editor in 0.87 ms, found 0 plugins.
Preloading 0 native plugins for Editor in 0.00 ms.
Unloading 1850 Unused Serialized files (Serialized files now loaded: 0)
System memory in use before: 81.0 MB.
System memory in use after: 81.1 MB.

Unloading 39 unused Assets to reduce memory usage. Loaded Objects now: 2279.
Total: 4.673600 ms (FindLiveObjects: 0.357600 ms CreateObjectMapping: 0.118400 ms MarkObjects: 4.069400 ms  DeleteObjects: 0.126100 ms)

========================================================================
Received Import Request.
  path: Assets/_Completed-Game
  artifactKey: Guid(eb0e867e6782e4563b73bf395be01561) Importer(815301076,1909f56bfc062723c751e8b465ee728b)
Start importing Assets/_Completed-Game using Guid(eb0e867e6782e4563b73bf395be01561) Importer(815301076,1909f56bfc062723c751e8b465ee728b)  -> (artifact id: '0330bb46ac387e63b821cefd2ce1fb37') in 0.005758 seconds
  Import took 0.010011 seconds .

========================================================================
Received Import Request.
  Time since last request: 6.235297 seconds.
  path: Assets/_Completed-Game/Prefabs
  artifactKey: Guid(d9c0a23c109cf46df82aed5a3fba7a1b) Importer(815301076,1909f56bfc062723c751e8b465ee728b)
Start importing Assets/_Completed-Game/Prefabs using Guid(d9c0a23c109cf46df82aed5a3fba7a1b) Importer(815301076,1909f56bfc062723c751e8b465ee728b)  -> (artifact id: '0a24b8a7b1ce97557a91040d70626878') in 0.001588 seconds
  Import took 0.007868 seconds .

========================================================================
Received Import Request.
  Time since last request: 0.099906 seconds.
  path: Assets/_Completed-Game/Prefabs/Pick Up.prefab
  artifactKey: Guid(83a9f6978de8f4ed58b9e0d00a781d5d) Importer(815301076,1909f56bfc062723c751e8b465ee728b)
Start importing Assets/_Completed-Game/Prefabs/Pick Up.prefab using Guid(83a9f6978de8f4ed58b9e0d00a781d5d) Importer(815301076,1909f56bfc062723c751e8b465ee728b)  -> (artifact id: '160ceaa52f6d7da8b9fea892819e9b05') in 0.129662 seconds
  Import took 0.137067 seconds .

========================================================================
Received Import Request.
  Time since last request: 3.834343 seconds.
  path: Assets/_Completed-Game/Materials
  artifactKey: Guid(ecb4d1ca53bf54c09936b721c9a7cb64) Importer(815301076,1909f56bfc062723c751e8b465ee728b)
Start importing Assets/_Completed-Game/Materials using Guid(ecb4d1ca53bf54c09936b721c9a7cb64) Importer(815301076,1909f56bfc062723c751e8b465ee728b)  -> (artifact id: 'f111ff8a40a7ddbec2bebea6cc21a7c0') in 0.001307 seconds
  Import took 0.007164 seconds .

========================================================================
Received Import Request.
  Time since last request: 0.001485 seconds.
  path: Assets/_Completed-Game/Materials
  artifactKey: Guid(ecb4d1ca53bf54c09936b721c9a7cb64) Importer(815301076,1909f56bfc062723c751e8b465ee728b)
Start importing Assets/_Completed-Game/Materials using Guid(ecb4d1ca53bf54c09936b721c9a7cb64) Importer(815301076,1909f56bfc062723c751e8b465ee728b)  -> (artifact id: 'f111ff8a40a7ddbec2bebea6cc21a7c0') in 0.002422 seconds
  Import took 0.007122 seconds .

========================================================================
Received Import Request.
  Time since last request: 0.133288 seconds.
  path: Assets/_Completed-Game/Materials/Background.mat
  artifactKey: Guid(3a7e4781a15104fa8b7293853112780e) Importer(815301076,1909f56bfc062723c751e8b465ee728b)
Start importing Assets/_Completed-Game/Materials/Background.mat using Guid(3a7e4781a15104fa8b7293853112780e) Importer(815301076,1909f56bfc062723c751e8b465ee728b)  -> (artifact id: '618c69297ddad02c22542f4f5fe26ec3') in 0.029613 seconds
  Import took 0.034167 seconds .

========================================================================
Received Import Request.
  Time since last request: 0.000318 seconds.
  path: Assets/_Completed-Game/Materials/Pick Up.mat
  artifactKey: Guid(58b965e4cae7a4323b546292fdea5df8) Importer(815301076,1909f56bfc062723c751e8b465ee728b)
Start importing Assets/_Completed-Game/Materials/Pick Up.mat using Guid(58b965e4cae7a4323b546292fdea5df8) Importer(815301076,1909f56bfc062723c751e8b465ee728b)  -> (artifact id: 'ebe2d57660ad82f5c6588f3e657015f7') in 0.005911 seconds
  Import took 0.010574 seconds .

========================================================================
Received Import Request.
  Time since last request: 107.282630 seconds.
  path: Packages/com.unity.analytics/DataPrivacy/DataPrivacyButton.prefab
  artifactKey: Guid(71b11355001648444b41d17fd36c150d) Importer(815301076,1909f56bfc062723c751e8b465ee728b)
Start importing Packages/com.unity.analytics/DataPrivacy/DataPrivacyButton.prefab using Guid(71b11355001648444b41d17fd36c150d) Importer(815301076,1909f56bfc062723c751e8b465ee728b)  -> (artifact id: '3c8bb0dacffa2758a511da82d745013e') in 0.029809 seconds
  Import took 0.033849 seconds .

========================================================================
Received Import Request.
  Time since last request: 0.000286 seconds.
  path: Packages/com.unity.xr.legacyinputhelpers/Prefabs/XRRig.prefab
  artifactKey: Guid(c116b7497ab8ca34c9188965d4295e27) Importer(815301076,1909f56bfc062723c751e8b465ee728b)
Start importing Packages/com.unity.xr.legacyinputhelpers/Prefabs/XRRig.prefab using Guid(c116b7497ab8ca34c9188965d4295e27) Importer(815301076,1909f56bfc062723c751e8b465ee728b)  -> (artifact id: '1075b262fcbe76bc637c7c1707fdea29') in 0.007490 seconds
  Import took 0.011564 seconds .

========================================================================
Received Prepare
Registering precompiled user dll's ...
Registered in 0.003070 seconds.
Begin MonoManager ReloadAssembly
Native extension for WindowsStandalone target not found
Native extension for WebGL target not found
Refreshing native plugins compatible for Editor in 0.43 ms, found 0 plugins.
Preloading 0 native plugins for Editor in 0.00 ms.
Mono: successfully reloaded assembly
- Completed reload, in  0.957 seconds
Platform modules already initialized, skipping
Refreshing native plugins compatible for Editor in 0.43 ms, found 0 plugins.
Preloading 0 native plugins for Editor in 0.00 ms.
Unloading 1844 Unused Serialized files (Serialized files now loaded: 0)
System memory in use before: 84.3 MB.
System memory in use after: 84.4 MB.

Unloading 30 unused Assets to reduce memory usage. Loaded Objects now: 2325.
Total: 2.120200 ms (FindLiveObjects: 0.188000 ms CreateObjectMapping: 0.082300 ms MarkObjects: 1.818300 ms  DeleteObjects: 0.030400 ms)

========================================================================
Received Prepare
Registering precompiled user dll's ...
Registered in 0.003900 seconds.
Begin MonoManager ReloadAssembly
Native extension for WindowsStandalone target not found
Native extension for WebGL target not found
Refreshing native plugins compatible for Editor in 0.43 ms, found 0 plugins.
Preloading 0 native plugins for Editor in 0.00 ms.
Mono: successfully reloaded assembly
- Completed reload, in  0.892 seconds
Platform modules already initialized, skipping
Refreshing native plugins compatible for Editor in 0.43 ms, found 0 plugins.
Preloading 0 native plugins for Editor in 0.00 ms.
Unloading 1844 Unused Serialized files (Serialized files now loaded: 0)
System memory in use before: 84.3 MB.
System memory in use after: 84.4 MB.

Unloading 29 unused Assets to reduce memory usage. Loaded Objects now: 2328.
Total: 2.390800 ms (FindLiveObjects: 0.316700 ms CreateObjectMapping: 0.154000 ms MarkObjects: 1.897200 ms  DeleteObjects: 0.021400 ms)

========================================================================
Received Prepare
Registering precompiled user dll's ...
Registered in 0.003328 seconds.
Begin MonoManager ReloadAssembly
Native extension for WindowsStandalone target not found
Native extension for WebGL target not found
Refreshing native plugins compatible for Editor in 0.97 ms, found 0 plugins.
Preloading 0 native plugins for Editor in 0.00 ms.
Mono: successfully reloaded assembly
- Completed reload, in  0.852 seconds
Platform modules already initialized, skipping
Refreshing native plugins compatible for Editor in 0.42 ms, found 0 plugins.
Preloading 0 native plugins for Editor in 0.00 ms.
Unloading 1844 Unused Serialized files (Serialized files now loaded: 0)
System memory in use before: 84.4 MB.
System memory in use after: 84.5 MB.

Unloading 29 unused Assets to reduce memory usage. Loaded Objects now: 2331.
Total: 1.887800 ms (FindLiveObjects: 0.221600 ms CreateObjectMapping: 0.083200 ms MarkObjects: 1.561900 ms  DeleteObjects: 0.020200 ms)

